<?xml version="1.0" encoding="UTF-8"?>
<!-- Generated by org.testng.reporters.JUnitReportReporter -->
<testsuite hostname="YP1000555DT" failures="0" tests="1" name="com.deere.Helpers.ReportFactory1" time="1.003" errors="0" timestamp="7 Jun 2018 19:07:08 GMT">
  <testcase classname="com.deere.Helpers.ReportFactory1" name="reporterOutputHeader" time="1.003"/>
</testsuite> <!-- com.deere.Helpers.ReportFactory1 -->
