<?xml version="1.0" encoding="UTF-8"?>
<!-- Generated by org.testng.reporters.JUnitReportReporter -->
<testsuite hostname="YP1000555DT" failures="0" tests="1" name="com.deere.Helpers.ExcelFactory" time="55.907" errors="0" timestamp="24 Jul 2018 19:51:11 GMT">
  <testcase classname="com.deere.Helpers.ExcelFactory" name="translationLookUp" time="55.907"/>
</testsuite> <!-- com.deere.Helpers.ExcelFactory -->
