<?xml version="1.0" encoding="UTF-8"?>
<!-- Generated by org.testng.reporters.JUnitReportReporter -->
<testsuite hostname="YP1000555DT" failures="0" tests="25" name="com.deere.TestCasesFactory.Homepage_TestCase" time="131.014" errors="0" timestamp="30 Jul 2018 17:34:18 GMT">
  <testcase classname="com.deere.TestCasesFactory.Homepage_TestCase" name="verifyAnnouncementContentIsPresent" time="1.075"/>
  <testcase classname="com.deere.TestCasesFactory.Homepage_TestCase" name="verifyAnnouncementHeaderTextIsInUserPrefferedLang" time="1.381"/>
  <testcase classname="com.deere.TestCasesFactory.Homepage_TestCase" name="verifyUtilityMenuLinksOnHomePage" time="9.046"/>
  <testcase classname="com.deere.TestCasesFactory.Homepage_TestCase" name="verifyHomepageTitleIsDisplayed" time="1.408"/>
  <testcase classname="com.deere.TestCasesFactory.Homepage_TestCase" name="verifyWarningSignPresentWithAlertHeaderOnHomepage" time="1.170"/>
  <testcase classname="com.deere.TestCasesFactory.Homepage_TestCase" name="verifyFavouriteIconWhenNoFavouritePresent" time="1.346"/>
  <testcase classname="com.deere.TestCasesFactory.Homepage_TestCase" name="verifyNotificationList" time="11.296"/>
  <testcase classname="com.deere.TestCasesFactory.Homepage_TestCase" name="verifyLeftNavigationWindow" time="3.243"/>
  <testcase classname="com.deere.TestCasesFactory.Homepage_TestCase" name="verifyFavouriteHeaderPresentOnHomePage" time="1.334"/>
  <testcase classname="com.deere.TestCasesFactory.Homepage_TestCase" name="verifyAnnouncementOnTheHomePage" time="1.088"/>
  <testcase classname="com.deere.TestCasesFactory.Homepage_TestCase" name="verifyWelcomeMessageOnHomepage" time="1.310"/>
  <testcase classname="com.deere.TestCasesFactory.Homepage_TestCase" name="verifyDealerPrincipleRole" time="3.079"/>
  <testcase classname="com.deere.TestCasesFactory.Homepage_TestCase" name="verifyAnnouncementFooterLinksOnHomepage" time="1.976"/>
  <testcase classname="com.deere.TestCasesFactory.Homepage_TestCase" name="verifyNotificationIconHomepage" time="64.620"/>
  <testcase classname="com.deere.TestCasesFactory.Homepage_TestCase" name="verifyOrderOfPortlets" time="2.361"/>
  <testcase classname="com.deere.TestCasesFactory.Homepage_TestCase" name="checkVerifyTheme" time="8.357"/>
  <testcase classname="com.deere.TestCasesFactory.Homepage_TestCase" name="verifyHeaderTxtIsInTheUserPrefferedLanguage" time="1.318"/>
  <testcase classname="com.deere.TestCasesFactory.Homepage_TestCase" name="verify_homepagequicklink" time="1.182"/>
  <testcase classname="com.deere.TestCasesFactory.Homepage_TestCase" name="verifyQuickLinkFavouritesDropdown" time="3.531"/>
  <testcase classname="com.deere.TestCasesFactory.Homepage_TestCase" name="verifyCopyrightOfFooterLinksonHomepage" time="1.221"/>
  <testcase classname="com.deere.TestCasesFactory.Homepage_TestCase" name="verifyAlertsAreShowingOnHomepage" time="1.236"/>
  <testcase classname="com.deere.TestCasesFactory.Homepage_TestCase" name="verifyALertHeaderWithTxtIsPresentOnHomepage" time="1.324"/>
  <testcase classname="com.deere.TestCasesFactory.Homepage_TestCase" name="verifyProductSegmentsOrder" time="4.539"/>
  <testcase classname="com.deere.TestCasesFactory.Homepage_TestCase" name="verifyFavouriteMessageWhenNoFavouritePresent" time="1.342"/>
  <testcase classname="com.deere.TestCasesFactory.Homepage_TestCase" name="verifyUtilityButton" time="1.231"/>
</testsuite> <!-- com.deere.TestCasesFactory.Homepage_TestCase -->
