<?xml version="1.0" encoding="UTF-8"?>
<!-- Generated by org.testng.reporters.JUnitReportReporter -->
<testsuite hostname="YP1000555DT" failures="0" tests="1" name="com.deere.TestCasesFactory.UserLogin_TestCase" time="9.255" errors="0" timestamp="9 Jun 2018 12:51:25 GMT">
  <testcase classname="com.deere.TestCasesFactory.UserLogin_TestCase" name="dealerPathLogin" time="9.255"/>
</testsuite> <!-- com.deere.TestCasesFactory.UserLogin_TestCase -->
