<?xml version="1.0" encoding="UTF-8"?>
<!-- Generated by org.testng.reporters.JUnitReportReporter -->
<testsuite hostname="YP1000555DT" failures="0" tests="1" name="com.deere.Helpers.ReportFactory" time="1.002" errors="0" timestamp="7 Jun 2018 19:07:08 GMT">
  <testcase classname="com.deere.Helpers.ReportFactory" name="reporterOutputHeader" time="1.002"/>
</testsuite> <!-- com.deere.Helpers.ReportFactory -->
