<?xml version="1.0" encoding="UTF-8"?>
<!-- Generated by org.testng.reporters.JUnitReportReporter -->
<testsuite hostname="YP1000555DT" failures="0" tests="1" name="com.deere.Helpers.NewEXcel" time="1.375" errors="0" timestamp="19 Jun 2018 12:22:25 GMT">
  <testcase classname="com.deere.Helpers.NewEXcel" name="ReadexcelWCM" time="1.375"/>
</testsuite> <!-- com.deere.Helpers.NewEXcel -->
