<?xml version="1.0" encoding="UTF-8"?>
<!-- Generated by org.testng.reporters.JUnitReportReporter -->
<testsuite hostname="YP1000555DT" failures="0" tests="2" name="com.deere.TestCasesFactory.HomePage_Test_New" time="2.652" errors="0" timestamp="15 May 2018 18:29:27 GMT">
  <testcase classname="com.deere.TestCasesFactory.HomePage_Test_New" name="testHomePage2" time="1.330"/>
  <testcase classname="com.deere.TestCasesFactory.HomePage_Test_New" name="testHomePage" time="1.322"/>
</testsuite> <!-- com.deere.TestCasesFactory.HomePage_Test_New -->
