<?xml version="1.0" encoding="UTF-8"?>
<!-- Generated by org.testng.reporters.JUnitReportReporter -->
<testsuite hostname="YP1000555DT" failures="0" tests="1" name="com.deere.TestCasesFactory.EndImpersonate_TestCase" time="7.312" errors="0" timestamp="13 Aug 2018 14:15:35 GMT">
  <testcase classname="com.deere.TestCasesFactory.EndImpersonate_TestCase" name="endImpersonateUser" time="7.312"/>
</testsuite> <!-- com.deere.TestCasesFactory.EndImpersonate_TestCase -->
