<?xml version="1.0" encoding="UTF-8"?>
<!-- Generated by org.testng.reporters.JUnitReportReporter -->
<testsuite hostname="YP1000555DT" failures="0" tests="1" name="com.deere.TestCasesFactory.PortletLinks_TestCase" time="127.102" errors="0" timestamp="19 Jul 2018 11:41:37 GMT">
  <testcase classname="com.deere.TestCasesFactory.PortletLinks_TestCase" name="VerifyPortletlinks" time="127.102"/>
</testsuite> <!-- com.deere.TestCasesFactory.PortletLinks_TestCase -->
